Arguments: 
  /usr/local/bin/node /usr/local/bin/yarn add ts-node typescript @types/node

PATH: 
  /Library/Frameworks/Python.framework/Versions/3.10/bin:/opt/homebrew/bin:/opt/homebrew/sbin:/usr/local/bin:/System/Cryptexes/App/usr/bin:/usr/bin:/bin:/usr/sbin:/sbin:/usr/local/share/dotnet:~/.dotnet/tools:/Library/Apple/usr/bin:/Library/Frameworks/Mono.framework/Versions/Current/Commands:/Users/c0dy/Library/Android/sdk/platform-tools:/Users/c0dy/micromamba/bin:/Users/c0dy/micromamba/condabin:/Library/Frameworks/Python.framework/Versions/3.10/bin:/opt/homebrew/bin:/opt/homebrew/sbin:/Users/c0dy/.cargo/bin:/Users/c0dy/Library/Application Support/JetBrains/Toolbox/scripts:/Users/c0dy/Library/Application Support/JetBrains/Toolbox/scripts

Yarn version: 
  1.22.10

Node version: 
  16.15.0

Platform: 
  darwin arm64

Trace: 
  SyntaxError: /Users/c0dy/Git/audio-reactive-led-strip/controller/package.json: Unexpected token } in JSON at position 148
      at JSON.parse (<anonymous>)
      at /usr/local/lib/node_modules/yarn/lib/cli.js:1625:59
      at Generator.next (<anonymous>)
      at step (/usr/local/lib/node_modules/yarn/lib/cli.js:310:30)
      at /usr/local/lib/node_modules/yarn/lib/cli.js:321:13

npm manifest: 
  {
    "name": "lighcore-controller",
    "version": "1.0.0",
    "description": "",
    "main": "main.ts",
    "scripts": {
      "start": "ts-node main.ts",
    },
    "author": "",
    "license": "ISC"
  }

yarn manifest: 
  No manifest

Lockfile: 
  No lockfile
